android/app/build/intermediates/manifest_merge_blame_file/debug/manifest-merger-blame-debug-report.txt
1<?xml version="1.0" encoding="utf-8"?>
2<manifest xmlns:android="http://schemas.android.com/apk/res/android"
3    package="com.example.bootsup"
4    android:versionCode="1"
5    android:versionName="1.0.0" >
6
7    <uses-sdk
8        android:minSdkVersion="23"
9        android:targetSdkVersion="34" />
10    <!--
11         The INTERNET permission is required for development. Specifically,
12         the Flutter tool needs it to communicate with the running application
13         to allow setting breakpoints, to provide hot reload, etc.
14    -->
15    <uses-permission android:name="android.permission.INTERNET" />
15-->src\main\AndroidManifest.xml:5:5-66
15-->src\main\AndroidManifest.xml:5:22-64
16    <uses-permission android:name="android.permission.RECEIVE_SMS" />
16-->src\main\AndroidManifest.xml:6:5-69
16-->src\main\AndroidManifest.xml:6:22-67
17    <uses-permission android:name="android.permission.READ_EXTERNAL_STORAGE" />
17-->src\main\AndroidManifest.xml:7:5-80
17-->src\main\AndroidManifest.xml:7:22-77
18    <uses-permission android:name="android.permission.WRITE_EXTERNAL_STORAGE" />
18-->src\main\AndroidManifest.xml:8:5-81
18-->src\main\AndroidManifest.xml:8:22-78
19    <!--
20 Required to query activities that can process text, see:
21         https://developer.android.com/training/package-visibility and
22         https://developer.android.com/reference/android/content/Intent#ACTION_PROCESS_TEXT.
23
24         In particular, this is used by the Flutter engine in io.flutter.plugin.text.ProcessTextPlugin.
25    -->
26    <queries>
26-->src\main\AndroidManifest.xml:67:5-72:15
27        <intent>
27-->src\main\AndroidManifest.xml:68:9-71:18
28            <action android:name="android.intent.action.PROCESS_TEXT" />
28-->src\main\AndroidManifest.xml:69:13-72
28-->src\main\AndroidManifest.xml:69:21-70
29
30            <data android:mimeType="text/plain" />
30-->src\main\AndroidManifest.xml:70:13-50
30-->src\main\AndroidManifest.xml:70:19-48
31        </intent>
32    </queries>
33
34    <uses-permission android:name="android.permission.ACCESS_NETWORK_STATE" />
34-->[:connectivity_plus] AndroidManifest.xml:7:5-79
34-->[:connectivity_plus] AndroidManifest.xml:7:22-76
35    <uses-permission android:name="android.permission.VIBRATE" />
35-->[:vibration] AndroidManifest.xml:7:5-66
35-->[:vibration] AndroidManifest.xml:7:22-63
36    <uses-permission android:name="com.google.android.providers.gsf.permission.READ_GSERVICES" />
36-->[com.google.android.recaptcha:recaptcha:18.6.1] AndroidManifest.xml:9:5-98
36-->[com.google.android.recaptcha:recaptcha:18.6.1] AndroidManifest.xml:9:22-95
37
38    <permission
38-->[androidx.core:core:1.13.1] AndroidManifest.xml:22:5-24:47
39        android:name="com.example.bootsup.DYNAMIC_RECEIVER_NOT_EXPORTED_PERMISSION"
39-->[androidx.core:core:1.13.1] AndroidManifest.xml:23:9-81
40        android:protectionLevel="signature" />
40-->[androidx.core:core:1.13.1] AndroidManifest.xml:24:9-44
41
42    <uses-permission android:name="com.example.bootsup.DYNAMIC_RECEIVER_NOT_EXPORTED_PERMISSION" />
42-->[androidx.core:core:1.13.1] AndroidManifest.xml:26:5-97
42-->[androidx.core:core:1.13.1] AndroidManifest.xml:26:22-94
43
44    <application
45        android:name="android.app.Application"
46        android:appComponentFactory="androidx.core.app.CoreComponentFactory"
46-->[androidx.core:core:1.13.1] AndroidManifest.xml:28:18-86
47        android:debuggable="true"
48        android:extractNativeLibs="false"
49        android:icon="@mipmap/ic_launcher"
50        android:label="bootsup" >
51        <activity
52            android:name="com.example.bootsup.MainActivity"
53            android:configChanges="orientation|keyboardHidden|keyboard|screenSize|smallestScreenSize|locale|layoutDirection|fontScale|screenLayout|density|uiMode"
54            android:exported="true"
55            android:hardwareAccelerated="true"
56            android:launchMode="singleTop"
57            android:taskAffinity=""
58            android:theme="@style/LaunchTheme"
59            android:windowSoftInputMode="adjustResize" >
60
61            <!--
62                 Specifies an Android theme to apply to this Activity as soon as
63                 the Android process has started. This theme is visible to the user
64                 while the Flutter UI initializes. After that, this theme continues
65                 to determine the Window background behind the Flutter UI.
66            -->
67            <meta-data
68                android:name="io.flutter.embedding.android.NormalTheme"
69                android:resource="@style/NormalTheme" />
70            <meta-data
71                android:name="com.facebook.sdk.ApplicationId"
72                android:value="@string/facebook_app_id" />
73            <meta-data
74                android:name="com.facebook.sdk.ClientToken"
75                android:value="@string/facebook_client_token" />
76
77            <intent-filter>
78                <action android:name="android.intent.action.MAIN" />
79
80                <category android:name="android.intent.category.LAUNCHER" />
81            </intent-filter>
82        </activity>
83        <!--
84             Don't delete the meta-data below.
85             This is used by the Flutter tool to generate GeneratedPluginRegistrant.java
86        -->
87        <meta-data
88            android:name="flutterEmbedding"
89            android:value="2" />
90
91        <activity
92            android:name="com.facebook.FacebookActivity"
93            android:configChanges="keyboard|keyboardHidden|screenLayout|screenSize|orientation"
94            android:label="@string/app_name" />
95        <activity
96            android:name="com.facebook.CustomTabActivity"
97            android:exported="true" >
98            <intent-filter>
99                <action android:name="android.intent.action.VIEW" />
99-->[com.google.firebase:firebase-auth:23.2.0] AndroidManifest.xml:36:17-69
99-->[com.google.firebase:firebase-auth:23.2.0] AndroidManifest.xml:36:25-66
100
101                <category android:name="android.intent.category.DEFAULT" />
101-->[com.google.firebase:firebase-auth:23.2.0] AndroidManifest.xml:38:17-76
101-->[com.google.firebase:firebase-auth:23.2.0] AndroidManifest.xml:38:27-73
102                <category android:name="android.intent.category.BROWSABLE" />
102-->[com.google.firebase:firebase-auth:23.2.0] AndroidManifest.xml:39:17-78
102-->[com.google.firebase:firebase-auth:23.2.0] AndroidManifest.xml:39:27-75
103
104                <data android:scheme="@string/fb_login_protocol_scheme" />
104-->src\main\AndroidManifest.xml:70:13-50
105            </intent-filter>
106        </activity>
107
108        <service
108-->[:cloud_firestore] AndroidManifest.xml:8:9-12:19
109            android:name="com.google.firebase.components.ComponentDiscoveryService"
109-->[:cloud_firestore] AndroidManifest.xml:8:18-89
110            android:directBootAware="true"
110-->[com.google.firebase:firebase-common:21.0.0] AndroidManifest.xml:32:13-43
111            android:exported="false" >
111-->[com.google.firebase:firebase-auth:23.2.0] AndroidManifest.xml:68:13-37
112            <meta-data
112-->[:cloud_firestore] AndroidManifest.xml:9:13-11:85
113                android:name="com.google.firebase.components:io.flutter.plugins.firebase.firestore.FlutterFirebaseFirestoreRegistrar"
113-->[:cloud_firestore] AndroidManifest.xml:10:17-134
114                android:value="com.google.firebase.components.ComponentRegistrar" />
114-->[:cloud_firestore] AndroidManifest.xml:11:17-82
115            <meta-data
115-->[:firebase_auth] AndroidManifest.xml:9:13-11:85
116                android:name="com.google.firebase.components:io.flutter.plugins.firebase.auth.FlutterFirebaseAuthRegistrar"
116-->[:firebase_auth] AndroidManifest.xml:10:17-124
117                android:value="com.google.firebase.components.ComponentRegistrar" />
117-->[:firebase_auth] AndroidManifest.xml:11:17-82
118            <meta-data
118-->[:firebase_storage] AndroidManifest.xml:9:13-11:85
119                android:name="com.google.firebase.components:io.flutter.plugins.firebase.storage.FlutterFirebaseAppRegistrar"
119-->[:firebase_storage] AndroidManifest.xml:10:17-126
120                android:value="com.google.firebase.components.ComponentRegistrar" />
120-->[:firebase_storage] AndroidManifest.xml:11:17-82
121            <meta-data
121-->[:firebase_core] AndroidManifest.xml:9:13-11:85
122                android:name="com.google.firebase.components:io.flutter.plugins.firebase.core.FlutterFirebaseCoreRegistrar"
122-->[:firebase_core] AndroidManifest.xml:10:17-124
123                android:value="com.google.firebase.components.ComponentRegistrar" />
123-->[:firebase_core] AndroidManifest.xml:11:17-82
124            <meta-data
124-->[com.google.firebase:firebase-auth:23.2.0] AndroidManifest.xml:69:13-71:85
125                android:name="com.google.firebase.components:com.google.firebase.auth.FirebaseAuthRegistrar"
125-->[com.google.firebase:firebase-auth:23.2.0] AndroidManifest.xml:70:17-109
126                android:value="com.google.firebase.components.ComponentRegistrar" />
126-->[com.google.firebase:firebase-auth:23.2.0] AndroidManifest.xml:71:17-82
127            <meta-data
127-->[com.google.firebase:firebase-firestore:25.1.3] AndroidManifest.xml:17:13-19:85
128                android:name="com.google.firebase.components:com.google.firebase.firestore.FirebaseFirestoreKtxRegistrar"
128-->[com.google.firebase:firebase-firestore:25.1.3] AndroidManifest.xml:18:17-122
129                android:value="com.google.firebase.components.ComponentRegistrar" />
129-->[com.google.firebase:firebase-firestore:25.1.3] AndroidManifest.xml:19:17-82
130            <meta-data
130-->[com.google.firebase:firebase-firestore:25.1.3] AndroidManifest.xml:20:13-22:85
131                android:name="com.google.firebase.components:com.google.firebase.firestore.FirestoreRegistrar"
131-->[com.google.firebase:firebase-firestore:25.1.3] AndroidManifest.xml:21:17-111
132                android:value="com.google.firebase.components.ComponentRegistrar" />
132-->[com.google.firebase:firebase-firestore:25.1.3] AndroidManifest.xml:22:17-82
133            <meta-data
133-->[com.google.firebase:firebase-storage:21.0.1] AndroidManifest.xml:30:13-32:85
134                android:name="com.google.firebase.components:com.google.firebase.storage.FirebaseStorageKtxRegistrar"
134-->[com.google.firebase:firebase-storage:21.0.1] AndroidManifest.xml:31:17-118
135                android:value="com.google.firebase.components.ComponentRegistrar" />
135-->[com.google.firebase:firebase-storage:21.0.1] AndroidManifest.xml:32:17-82
136            <meta-data
136-->[com.google.firebase:firebase-storage:21.0.1] AndroidManifest.xml:33:13-35:85
137                android:name="com.google.firebase.components:com.google.firebase.storage.StorageRegistrar"
137-->[com.google.firebase:firebase-storage:21.0.1] AndroidManifest.xml:34:17-107
138                android:value="com.google.firebase.components.ComponentRegistrar" />
138-->[com.google.firebase:firebase-storage:21.0.1] AndroidManifest.xml:35:17-82
139            <meta-data
139-->[com.google.firebase:firebase-appcheck:18.0.0] AndroidManifest.xml:25:13-27:85
140                android:name="com.google.firebase.components:com.google.firebase.appcheck.FirebaseAppCheckKtxRegistrar"
140-->[com.google.firebase:firebase-appcheck:18.0.0] AndroidManifest.xml:26:17-120
141                android:value="com.google.firebase.components.ComponentRegistrar" />
141-->[com.google.firebase:firebase-appcheck:18.0.0] AndroidManifest.xml:27:17-82
142            <meta-data
142-->[com.google.firebase:firebase-appcheck:18.0.0] AndroidManifest.xml:28:13-30:85
143                android:name="com.google.firebase.components:com.google.firebase.appcheck.FirebaseAppCheckRegistrar"
143-->[com.google.firebase:firebase-appcheck:18.0.0] AndroidManifest.xml:29:17-117
144                android:value="com.google.firebase.components.ComponentRegistrar" />
144-->[com.google.firebase:firebase-appcheck:18.0.0] AndroidManifest.xml:30:17-82
145            <meta-data
145-->[com.google.firebase:firebase-common-ktx:21.0.0] AndroidManifest.xml:12:13-14:85
146                android:name="com.google.firebase.components:com.google.firebase.ktx.FirebaseCommonLegacyRegistrar"
146-->[com.google.firebase:firebase-common-ktx:21.0.0] AndroidManifest.xml:13:17-116
147                android:value="com.google.firebase.components.ComponentRegistrar" />
147-->[com.google.firebase:firebase-common-ktx:21.0.0] AndroidManifest.xml:14:17-82
148            <meta-data
148-->[com.google.firebase:firebase-common:21.0.0] AndroidManifest.xml:35:13-37:85
149                android:name="com.google.firebase.components:com.google.firebase.FirebaseCommonKtxRegistrar"
149-->[com.google.firebase:firebase-common:21.0.0] AndroidManifest.xml:36:17-109
150                android:value="com.google.firebase.components.ComponentRegistrar" />
150-->[com.google.firebase:firebase-common:21.0.0] AndroidManifest.xml:37:17-82
151        </service>
152
153        <provider
153-->[:image_picker_android] AndroidManifest.xml:9:9-17:20
154            android:name="io.flutter.plugins.imagepicker.ImagePickerFileProvider"
154-->[:image_picker_android] AndroidManifest.xml:10:13-82
155            android:authorities="com.example.bootsup.flutter.image_provider"
155-->[:image_picker_android] AndroidManifest.xml:11:13-74
156            android:exported="false"
156-->[:image_picker_android] AndroidManifest.xml:12:13-37
157            android:grantUriPermissions="true" >
157-->[:image_picker_android] AndroidManifest.xml:13:13-47
158            <meta-data
158-->[:image_picker_android] AndroidManifest.xml:14:13-16:75
159                android:name="android.support.FILE_PROVIDER_PATHS"
159-->[:image_picker_android] AndroidManifest.xml:15:17-67
160                android:resource="@xml/flutter_image_picker_file_paths" />
160-->[:image_picker_android] AndroidManifest.xml:16:17-72
161        </provider> <!-- Trigger Google Play services to install the backported photo picker module. -->
162        <service
162-->[:image_picker_android] AndroidManifest.xml:19:9-31:19
163            android:name="com.google.android.gms.metadata.ModuleDependencies"
163-->[:image_picker_android] AndroidManifest.xml:20:13-78
164            android:enabled="false"
164-->[:image_picker_android] AndroidManifest.xml:21:13-36
165            android:exported="false" >
165-->[:image_picker_android] AndroidManifest.xml:22:13-37
166            <intent-filter>
166-->[:image_picker_android] AndroidManifest.xml:24:13-26:29
167                <action android:name="com.google.android.gms.metadata.MODULE_DEPENDENCIES" />
167-->[:image_picker_android] AndroidManifest.xml:25:17-94
167-->[:image_picker_android] AndroidManifest.xml:25:25-91
168            </intent-filter>
169
170            <meta-data
170-->[:image_picker_android] AndroidManifest.xml:28:13-30:36
171                android:name="photopicker_activity:0:required"
171-->[:image_picker_android] AndroidManifest.xml:29:17-63
172                android:value="" />
172-->[:image_picker_android] AndroidManifest.xml:30:17-33
173        </service>
174
175        <activity
175-->[com.google.firebase:firebase-auth:23.2.0] AndroidManifest.xml:29:9-46:20
176            android:name="com.google.firebase.auth.internal.GenericIdpActivity"
176-->[com.google.firebase:firebase-auth:23.2.0] AndroidManifest.xml:30:13-80
177            android:excludeFromRecents="true"
177-->[com.google.firebase:firebase-auth:23.2.0] AndroidManifest.xml:31:13-46
178            android:exported="true"
178-->[com.google.firebase:firebase-auth:23.2.0] AndroidManifest.xml:32:13-36
179            android:launchMode="singleTask"
179-->[com.google.firebase:firebase-auth:23.2.0] AndroidManifest.xml:33:13-44
180            android:theme="@android:style/Theme.Translucent.NoTitleBar" >
180-->[com.google.firebase:firebase-auth:23.2.0] AndroidManifest.xml:34:13-72
181            <intent-filter>
181-->[com.google.firebase:firebase-auth:23.2.0] AndroidManifest.xml:35:13-45:29
182                <action android:name="android.intent.action.VIEW" />
182-->[com.google.firebase:firebase-auth:23.2.0] AndroidManifest.xml:36:17-69
182-->[com.google.firebase:firebase-auth:23.2.0] AndroidManifest.xml:36:25-66
183
184                <category android:name="android.intent.category.DEFAULT" />
184-->[com.google.firebase:firebase-auth:23.2.0] AndroidManifest.xml:38:17-76
184-->[com.google.firebase:firebase-auth:23.2.0] AndroidManifest.xml:38:27-73
185                <category android:name="android.intent.category.BROWSABLE" />
185-->[com.google.firebase:firebase-auth:23.2.0] AndroidManifest.xml:39:17-78
185-->[com.google.firebase:firebase-auth:23.2.0] AndroidManifest.xml:39:27-75
186
187                <data
187-->src\main\AndroidManifest.xml:70:13-50
188                    android:host="firebase.auth"
189                    android:path="/"
190                    android:scheme="genericidp" />
191            </intent-filter>
192        </activity>
193        <activity
193-->[com.google.firebase:firebase-auth:23.2.0] AndroidManifest.xml:47:9-64:20
194            android:name="com.google.firebase.auth.internal.RecaptchaActivity"
194-->[com.google.firebase:firebase-auth:23.2.0] AndroidManifest.xml:48:13-79
195            android:excludeFromRecents="true"
195-->[com.google.firebase:firebase-auth:23.2.0] AndroidManifest.xml:49:13-46
196            android:exported="true"
196-->[com.google.firebase:firebase-auth:23.2.0] AndroidManifest.xml:50:13-36
197            android:launchMode="singleTask"
197-->[com.google.firebase:firebase-auth:23.2.0] AndroidManifest.xml:51:13-44
198            android:theme="@android:style/Theme.Translucent.NoTitleBar" >
198-->[com.google.firebase:firebase-auth:23.2.0] AndroidManifest.xml:52:13-72
199            <intent-filter>
199-->[com.google.firebase:firebase-auth:23.2.0] AndroidManifest.xml:53:13-63:29
200                <action android:name="android.intent.action.VIEW" />
200-->[com.google.firebase:firebase-auth:23.2.0] AndroidManifest.xml:36:17-69
200-->[com.google.firebase:firebase-auth:23.2.0] AndroidManifest.xml:36:25-66
201
202                <category android:name="android.intent.category.DEFAULT" />
202-->[com.google.firebase:firebase-auth:23.2.0] AndroidManifest.xml:38:17-76
202-->[com.google.firebase:firebase-auth:23.2.0] AndroidManifest.xml:38:27-73
203                <category android:name="android.intent.category.BROWSABLE" />
203-->[com.google.firebase:firebase-auth:23.2.0] AndroidManifest.xml:39:17-78
203-->[com.google.firebase:firebase-auth:23.2.0] AndroidManifest.xml:39:27-75
204
205                <data
205-->src\main\AndroidManifest.xml:70:13-50
206                    android:host="firebase.auth"
207                    android:path="/"
208                    android:scheme="recaptcha" />
209            </intent-filter>
210        </activity>
211
212        <service
212-->[androidx.credentials:credentials-play-services-auth:1.2.0-rc01] AndroidManifest.xml:24:9-32:19
213            android:name="androidx.credentials.playservices.CredentialProviderMetadataHolder"
213-->[androidx.credentials:credentials-play-services-auth:1.2.0-rc01] AndroidManifest.xml:25:13-94
214            android:enabled="true"
214-->[androidx.credentials:credentials-play-services-auth:1.2.0-rc01] AndroidManifest.xml:26:13-35
215            android:exported="false" >
215-->[androidx.credentials:credentials-play-services-auth:1.2.0-rc01] AndroidManifest.xml:27:13-37
216            <meta-data
216-->[androidx.credentials:credentials-play-services-auth:1.2.0-rc01] AndroidManifest.xml:29:13-31:104
217                android:name="androidx.credentials.CREDENTIAL_PROVIDER_KEY"
217-->[androidx.credentials:credentials-play-services-auth:1.2.0-rc01] AndroidManifest.xml:30:17-76
218                android:value="androidx.credentials.playservices.CredentialProviderPlayServicesImpl" />
218-->[androidx.credentials:credentials-play-services-auth:1.2.0-rc01] AndroidManifest.xml:31:17-101
219        </service>
220
221        <activity
221-->[androidx.credentials:credentials-play-services-auth:1.2.0-rc01] AndroidManifest.xml:34:9-41:20
222            android:name="androidx.credentials.playservices.HiddenActivity"
222-->[androidx.credentials:credentials-play-services-auth:1.2.0-rc01] AndroidManifest.xml:35:13-76
223            android:configChanges="orientation|screenSize|screenLayout|keyboardHidden"
223-->[androidx.credentials:credentials-play-services-auth:1.2.0-rc01] AndroidManifest.xml:36:13-87
224            android:enabled="true"
224-->[androidx.credentials:credentials-play-services-auth:1.2.0-rc01] AndroidManifest.xml:37:13-35
225            android:exported="false"
225-->[androidx.credentials:credentials-play-services-auth:1.2.0-rc01] AndroidManifest.xml:38:13-37
226            android:fitsSystemWindows="true"
226-->[androidx.credentials:credentials-play-services-auth:1.2.0-rc01] AndroidManifest.xml:39:13-45
227            android:theme="@style/Theme.Hidden" >
227-->[androidx.credentials:credentials-play-services-auth:1.2.0-rc01] AndroidManifest.xml:40:13-48
228        </activity>
229        <activity
229-->[com.google.android.gms:play-services-auth:21.0.0] AndroidManifest.xml:23:9-27:75
230            android:name="com.google.android.gms.auth.api.signin.internal.SignInHubActivity"
230-->[com.google.android.gms:play-services-auth:21.0.0] AndroidManifest.xml:24:13-93
231            android:excludeFromRecents="true"
231-->[com.google.android.gms:play-services-auth:21.0.0] AndroidManifest.xml:25:13-46
232            android:exported="false"
232-->[com.google.android.gms:play-services-auth:21.0.0] AndroidManifest.xml:26:13-37
233            android:theme="@android:style/Theme.Translucent.NoTitleBar" />
233-->[com.google.android.gms:play-services-auth:21.0.0] AndroidManifest.xml:27:13-72
234        <!--
235            Service handling Google Sign-In user revocation. For apps that do not integrate with
236            Google Sign-In, this service will never be started.
237        -->
238        <service
238-->[com.google.android.gms:play-services-auth:21.0.0] AndroidManifest.xml:33:9-37:51
239            android:name="com.google.android.gms.auth.api.signin.RevocationBoundService"
239-->[com.google.android.gms:play-services-auth:21.0.0] AndroidManifest.xml:34:13-89
240            android:exported="true"
240-->[com.google.android.gms:play-services-auth:21.0.0] AndroidManifest.xml:35:13-36
241            android:permission="com.google.android.gms.auth.api.signin.permission.REVOCATION_NOTIFICATION"
241-->[com.google.android.gms:play-services-auth:21.0.0] AndroidManifest.xml:36:13-107
242            android:visibleToInstantApps="true" />
242-->[com.google.android.gms:play-services-auth:21.0.0] AndroidManifest.xml:37:13-48
243
244        <provider
244-->[com.google.firebase:firebase-common:21.0.0] AndroidManifest.xml:23:9-28:39
245            android:name="com.google.firebase.provider.FirebaseInitProvider"
245-->[com.google.firebase:firebase-common:21.0.0] AndroidManifest.xml:24:13-77
246            android:authorities="com.example.bootsup.firebaseinitprovider"
246-->[com.google.firebase:firebase-common:21.0.0] AndroidManifest.xml:25:13-72
247            android:directBootAware="true"
247-->[com.google.firebase:firebase-common:21.0.0] AndroidManifest.xml:26:13-43
248            android:exported="false"
248-->[com.google.firebase:firebase-common:21.0.0] AndroidManifest.xml:27:13-37
249            android:initOrder="100" />
249-->[com.google.firebase:firebase-common:21.0.0] AndroidManifest.xml:28:13-36
250
251        <activity
251-->[com.google.android.gms:play-services-base:18.1.0] AndroidManifest.xml:20:9-22:45
252            android:name="com.google.android.gms.common.api.GoogleApiActivity"
252-->[com.google.android.gms:play-services-base:18.1.0] AndroidManifest.xml:20:19-85
253            android:exported="false"
253-->[com.google.android.gms:play-services-base:18.1.0] AndroidManifest.xml:22:19-43
254            android:theme="@android:style/Theme.Translucent.NoTitleBar" />
254-->[com.google.android.gms:play-services-base:18.1.0] AndroidManifest.xml:21:19-78
255
256        <provider
256-->[androidx.lifecycle:lifecycle-process:2.7.0] AndroidManifest.xml:24:9-32:20
257            android:name="androidx.startup.InitializationProvider"
257-->[androidx.lifecycle:lifecycle-process:2.7.0] AndroidManifest.xml:25:13-67
258            android:authorities="com.example.bootsup.androidx-startup"
258-->[androidx.lifecycle:lifecycle-process:2.7.0] AndroidManifest.xml:26:13-68
259            android:exported="false" >
259-->[androidx.lifecycle:lifecycle-process:2.7.0] AndroidManifest.xml:27:13-37
260            <meta-data
260-->[androidx.lifecycle:lifecycle-process:2.7.0] AndroidManifest.xml:29:13-31:52
261                android:name="androidx.lifecycle.ProcessLifecycleInitializer"
261-->[androidx.lifecycle:lifecycle-process:2.7.0] AndroidManifest.xml:30:17-78
262                android:value="androidx.startup" />
262-->[androidx.lifecycle:lifecycle-process:2.7.0] AndroidManifest.xml:31:17-49
263            <meta-data
263-->[androidx.profileinstaller:profileinstaller:1.3.1] AndroidManifest.xml:29:13-31:52
264                android:name="androidx.profileinstaller.ProfileInstallerInitializer"
264-->[androidx.profileinstaller:profileinstaller:1.3.1] AndroidManifest.xml:30:17-85
265                android:value="androidx.startup" />
265-->[androidx.profileinstaller:profileinstaller:1.3.1] AndroidManifest.xml:31:17-49
266        </provider>
267
268        <uses-library
268-->[androidx.window:window:1.2.0] AndroidManifest.xml:23:9-25:40
269            android:name="androidx.window.extensions"
269-->[androidx.window:window:1.2.0] AndroidManifest.xml:24:13-54
270            android:required="false" />
270-->[androidx.window:window:1.2.0] AndroidManifest.xml:25:13-37
271        <uses-library
271-->[androidx.window:window:1.2.0] AndroidManifest.xml:26:9-28:40
272            android:name="androidx.window.sidecar"
272-->[androidx.window:window:1.2.0] AndroidManifest.xml:27:13-51
273            android:required="false" />
273-->[androidx.window:window:1.2.0] AndroidManifest.xml:28:13-37
274
275        <meta-data
275-->[com.google.android.gms:play-services-basement:18.4.0] AndroidManifest.xml:6:9-122
276            android:name="com.google.android.gms.version"
276-->[com.google.android.gms:play-services-basement:18.4.0] AndroidManifest.xml:6:20-65
277            android:value="@integer/google_play_services_version" />
277-->[com.google.android.gms:play-services-basement:18.4.0] AndroidManifest.xml:6:66-119
278
279        <receiver
279-->[androidx.profileinstaller:profileinstaller:1.3.1] AndroidManifest.xml:34:9-52:20
280            android:name="androidx.profileinstaller.ProfileInstallReceiver"
280-->[androidx.profileinstaller:profileinstaller:1.3.1] AndroidManifest.xml:35:13-76
281            android:directBootAware="false"
281-->[androidx.profileinstaller:profileinstaller:1.3.1] AndroidManifest.xml:36:13-44
282            android:enabled="true"
282-->[androidx.profileinstaller:profileinstaller:1.3.1] AndroidManifest.xml:37:13-35
283            android:exported="true"
283-->[androidx.profileinstaller:profileinstaller:1.3.1] AndroidManifest.xml:38:13-36
284            android:permission="android.permission.DUMP" >
284-->[androidx.profileinstaller:profileinstaller:1.3.1] AndroidManifest.xml:39:13-57
285            <intent-filter>
285-->[androidx.profileinstaller:profileinstaller:1.3.1] AndroidManifest.xml:40:13-42:29
286                <action android:name="androidx.profileinstaller.action.INSTALL_PROFILE" />
286-->[androidx.profileinstaller:profileinstaller:1.3.1] AndroidManifest.xml:41:17-91
286-->[androidx.profileinstaller:profileinstaller:1.3.1] AndroidManifest.xml:41:25-88
287            </intent-filter>
288            <intent-filter>
288-->[androidx.profileinstaller:profileinstaller:1.3.1] AndroidManifest.xml:43:13-45:29
289                <action android:name="androidx.profileinstaller.action.SKIP_FILE" />
289-->[androidx.profileinstaller:profileinstaller:1.3.1] AndroidManifest.xml:44:17-85
289-->[androidx.profileinstaller:profileinstaller:1.3.1] AndroidManifest.xml:44:25-82
290            </intent-filter>
291            <intent-filter>
291-->[androidx.profileinstaller:profileinstaller:1.3.1] AndroidManifest.xml:46:13-48:29
292                <action android:name="androidx.profileinstaller.action.SAVE_PROFILE" />
292-->[androidx.profileinstaller:profileinstaller:1.3.1] AndroidManifest.xml:47:17-88
292-->[androidx.profileinstaller:profileinstaller:1.3.1] AndroidManifest.xml:47:25-85
293            </intent-filter>
294            <intent-filter>
294-->[androidx.profileinstaller:profileinstaller:1.3.1] AndroidManifest.xml:49:13-51:29
295                <action android:name="androidx.profileinstaller.action.BENCHMARK_OPERATION" />
295-->[androidx.profileinstaller:profileinstaller:1.3.1] AndroidManifest.xml:50:17-95
295-->[androidx.profileinstaller:profileinstaller:1.3.1] AndroidManifest.xml:50:25-92
296            </intent-filter>
297        </receiver> <!-- The activities will be merged into the manifest of the hosting app. -->
298        <activity
298-->[com.google.android.play:core-common:2.0.3] AndroidManifest.xml:14:9-18:65
299            android:name="com.google.android.play.core.common.PlayCoreDialogWrapperActivity"
299-->[com.google.android.play:core-common:2.0.3] AndroidManifest.xml:15:13-93
300            android:exported="false"
300-->[com.google.android.play:core-common:2.0.3] AndroidManifest.xml:16:13-37
301            android:stateNotNeeded="true"
301-->[com.google.android.play:core-common:2.0.3] AndroidManifest.xml:17:13-42
302            android:theme="@style/Theme.PlayCore.Transparent" />